<?xml version="1.0" encoding="UTF-8"?>
<!-- Generated by org.testng.reporters.JUnitXMLReporter -->
<testsuite ignored="0" hostname="TechTeam-Fahim" failures="2" tests="6" name="Surefire test" time="17.803" errors="0" timestamp="2025-04-28T18:00:58 BDT">
  <testcase classname="TestCases.SimpleCases.TestCases1" name="testFail" time="4.021">
    <failure type="java.lang.AssertionError" message="Intentional Failure for demo.">
      <![CDATA[java.lang.AssertionError: Intentional Failure for demo.
at TestCases.SimpleCases.TestCases1.testFail(TestCases1.java:24)
at java.base/java.util.ArrayList.forEach(ArrayList.java:1596)
... Removed 31 stack frames]]>
    </failure>
  </testcase> <!-- testFail -->
  <testcase classname="TestCases.SimpleCases.TestCases1" name="testPass" time="0.007"/>
  <testcase classname="TestCases.SimpleCases.TestCases1" name="testSkip" time="0.005">
    <skipped/>
  </testcase> <!-- testSkip -->
  <testcase classname="TestCases.SimpleCases.TestCases2" name="testFail2" time="6.691">
    <failure type="java.lang.AssertionError" message="Intentional Failure for demo.">
      <![CDATA[java.lang.AssertionError: Intentional Failure for demo.
at TestCases.SimpleCases.TestCases2.testFail2(TestCases2.java:23)
at java.base/java.util.ArrayList.forEach(ArrayList.java:1596)
... Removed 31 stack frames]]>
    </failure>
  </testcase> <!-- testFail2 -->
  <testcase classname="TestCases.SimpleCases.TestCases2" name="testPass2" time="0.003"/>
  <testcase classname="TestCases.SimpleCases.TestCases2" name="testSkip3" time="0.004">
    <skipped/>
  </testcase> <!-- testSkip3 -->
</testsuite> <!-- Surefire test -->
